<?xml version="1.0" encoding="UTF-8"?>
<testng-results ignored="0" total="3" passed="3" failed="0" skipped="0">
  <reporter-output>
  </reporter-output>
  <suite started-at="2020-12-26T15:13:18 IST" name="Default suite" finished-at="2020-12-26T15:13:22 IST" duration-ms="3851">
    <groups>
    </groups>
    <test started-at="2020-12-26T15:13:18 IST" name="Default test" finished-at="2020-12-26T15:13:22 IST" duration-ms="3851">
      <class name="Test.SampleTest">
        <test-method is-config="true" signature="setup()[pri:0, instance:Test.SampleTest@bef2d72]" started-at="2020-12-26T15:13:18 IST" name="setup" finished-at="2020-12-26T15:13:18 IST" duration-ms="293" status="PASS">
          <reporter-output>
          </reporter-output>
        </test-method> <!-- setup -->
        <test-method signature="test1()[pri:0, instance:Test.SampleTest@bef2d72]" started-at="2020-12-26T15:13:18 IST" name="test1" finished-at="2020-12-26T15:13:20 IST" duration-ms="2580" status="PASS">
          <reporter-output>
          </reporter-output>
        </test-method> <!-- test1 -->
        <test-method signature="test2()[pri:0, instance:Test.SampleTest@bef2d72]" started-at="2020-12-26T15:13:20 IST" name="test2" finished-at="2020-12-26T15:13:21 IST" duration-ms="910" status="PASS">
          <reporter-output>
          </reporter-output>
        </test-method> <!-- test2 -->
        <test-method signature="test3()[pri:0, instance:Test.SampleTest@bef2d72]" started-at="2020-12-26T15:13:21 IST" name="test3" finished-at="2020-12-26T15:13:22 IST" duration-ms="307" status="PASS">
          <reporter-output>
          </reporter-output>
        </test-method> <!-- test3 -->
        <test-method is-config="true" signature="setdown()[pri:0, instance:Test.SampleTest@bef2d72]" started-at="2020-12-26T15:13:22 IST" name="setdown" finished-at="2020-12-26T15:13:22 IST" duration-ms="380" status="PASS">
          <reporter-output>
          </reporter-output>
        </test-method> <!-- setdown -->
      </class> <!-- Test.SampleTest -->
    </test> <!-- Default test -->
  </suite> <!-- Default suite -->
</testng-results>
